

================================================================
== Vivado HLS Report for 'conv2d'
================================================================
* Date:           Thu Dec 19 00:50:50 2024

* Version:        2018.3 (Build 2405991 on Thu Dec 06 23:56:15 MST 2018)
* Project:        cv2d
* Solution:       solution2
* Product family: zynq
* Target device:  xc7z020clg484-1


================================================================
== Performance Estimates
================================================================
+ Timing (ns): 
    * Summary: 
    +--------+-------+----------+------------+
    |  Clock | Target| Estimated| Uncertainty|
    +--------+-------+----------+------------+
    |ap_clk  |  10.00|     8.742|        1.25|
    +--------+-------+----------+------------+

+ Latency (clock cycles): 
    * Summary: 
    +-----+-----+-----+-----+----------+
    |  Latency  |  Interval | Pipeline |
    | min | max | min | max |   Type   |
    +-----+-----+-----+-----+----------+
    |   16|   16|   13|   13| function |
    +-----+-----+-----+-----+----------+

    + Detail: 
        * Instance: 
        N/A

        * Loop: 
        N/A



================================================================
== Utilization Estimates
================================================================
* Summary: 
+-----------------+---------+-------+--------+-------+
|       Name      | BRAM_18K| DSP48E|   FF   |  LUT  |
+-----------------+---------+-------+--------+-------+
|DSP              |        -|      -|       -|      -|
|Expression       |        -|    165|       0|   3339|
|FIFO             |        -|      -|       -|      -|
|Instance         |        -|      -|       -|      -|
|Memory           |        -|      -|       -|      -|
|Multiplexer      |        -|      -|       -|    399|
|Register         |        -|      -|    3343|      -|
+-----------------+---------+-------+--------+-------+
|Total            |        0|    165|    3343|   3738|
+-----------------+---------+-------+--------+-------+
|Available        |      280|    220|  106400|  53200|
+-----------------+---------+-------+--------+-------+
|Utilization (%)  |        0|     75|       3|      7|
+-----------------+---------+-------+--------+-------+

+ Detail: 
    * Instance: 
    N/A

    * DSP48: 
    N/A

    * Memory: 
    N/A

    * FIFO: 
    N/A

    * Expression: 
    +---------------------------+----------+-------+---+----+------------+------------+
    |       Variable Name       | Operation| DSP48E| FF| LUT| Bitwidth P0| Bitwidth P1|
    +---------------------------+----------+-------+---+----+------------+------------+
    |grp_fu_509_p2              |     *    |      3|  0|  20|          32|          32|
    |grp_fu_514_p2              |     *    |      3|  0|  20|          32|          32|
    |grp_fu_519_p2              |     *    |      3|  0|  20|          32|          32|
    |grp_fu_524_p2              |     *    |      3|  0|  20|          32|          32|
    |grp_fu_529_p2              |     *    |      3|  0|  20|          32|          32|
    |grp_fu_534_p2              |     *    |      3|  0|  20|          32|          32|
    |grp_fu_539_p2              |     *    |      3|  0|  20|          32|          32|
    |grp_fu_544_p2              |     *    |      3|  0|  20|          32|          32|
    |grp_fu_549_p2              |     *    |      3|  0|  20|          32|          32|
    |grp_fu_554_p2              |     *    |      3|  0|  20|          32|          32|
    |grp_fu_559_p2              |     *    |      3|  0|  20|          32|          32|
    |grp_fu_564_p2              |     *    |      3|  0|  20|          32|          32|
    |grp_fu_569_p2              |     *    |      3|  0|  20|          32|          32|
    |grp_fu_574_p2              |     *    |      3|  0|  20|          32|          32|
    |grp_fu_579_p2              |     *    |      3|  0|  20|          32|          32|
    |grp_fu_584_p2              |     *    |      3|  0|  20|          32|          32|
    |grp_fu_589_p2              |     *    |      3|  0|  20|          32|          32|
    |grp_fu_594_p2              |     *    |      3|  0|  20|          32|          32|
    |grp_fu_599_p2              |     *    |      3|  0|  20|          32|          32|
    |tmp_15_0_0_1_2_fu_686_p2   |     *    |      3|  0|  20|          32|          32|
    |tmp_15_0_0_2_fu_711_p2     |     *    |      3|  0|  20|          32|          32|
    |tmp_15_0_1_2_1_fu_716_p2   |     *    |      3|  0|  20|          32|          32|
    |tmp_15_0_1_2_2_fu_721_p2   |     *    |      3|  0|  20|          32|          32|
    |tmp_15_0_2_1_2_fu_701_p2   |     *    |      3|  0|  20|          32|          32|
    |tmp_15_0_2_2_1_fu_730_p2   |     *    |      3|  0|  20|          32|          32|
    |tmp_15_0_2_2_2_fu_787_p2   |     *    |      3|  0|  20|          32|          32|
    |tmp_15_0_2_2_fu_725_p2     |     *    |      3|  0|  20|          32|          32|
    |tmp_15_1_0_2_2_fu_853_p2   |     *    |      3|  0|  20|          32|          32|
    |tmp_15_1_1_1_2_fu_791_p2   |     *    |      3|  0|  20|          32|          32|
    |tmp_15_1_1_2_1_fu_862_p2   |     *    |      3|  0|  20|          32|          32|
    |tmp_15_1_1_2_2_fu_905_p2   |     *    |      3|  0|  20|          32|          32|
    |tmp_15_1_1_2_fu_857_p2     |     *    |      3|  0|  20|          32|          32|
    |tmp_15_1_2_0_2_fu_795_p2   |     *    |      3|  0|  20|          32|          32|
    |tmp_15_1_2_1_1_fu_805_p2   |     *    |      3|  0|  20|          32|          32|
    |tmp_15_1_2_1_2_fu_809_p2   |     *    |      3|  0|  20|          32|          32|
    |tmp_15_1_2_1_fu_800_p2     |     *    |      3|  0|  20|          32|          32|
    |tmp_15_1_2_2_1_fu_910_p2   |     *    |      3|  0|  20|          32|          32|
    |tmp_15_1_2_2_2_fu_915_p2   |     *    |      3|  0|  20|          32|          32|
    |tmp_15_1_2_2_fu_866_p2     |     *    |      3|  0|  20|          32|          32|
    |tmp_15_2_0_1_1_fu_924_p2   |     *    |      3|  0|  20|          32|          32|
    |tmp_15_2_0_1_2_fu_929_p2   |     *    |      3|  0|  20|          32|          32|
    |tmp_15_2_0_1_fu_919_p2     |     *    |      3|  0|  20|          32|          32|
    |tmp_15_2_0_2_1_fu_981_p2   |     *    |      3|  0|  20|          32|          32|
    |tmp_15_2_0_2_2_fu_1024_p2  |     *    |      3|  0|  20|          32|          32|
    |tmp_15_2_1_0_2_fu_990_p2   |     *    |      3|  0|  20|          32|          32|
    |tmp_15_2_1_1_1_fu_999_p2   |     *    |      3|  0|  20|          32|          32|
    |tmp_15_2_1_1_2_fu_1029_p2  |     *    |      3|  0|  20|          32|          32|
    |tmp_15_2_1_1_fu_994_p2     |     *    |      3|  0|  20|          32|          32|
    |tmp_15_2_1_2_2_fu_1038_p2  |     *    |      3|  0|  20|          32|          32|
    |tmp_15_2_1_2_fu_1034_p2    |     *    |      3|  0|  20|          32|          32|
    |tmp_15_2_2_0_1_fu_1052_p2  |     *    |      3|  0|  20|          32|          32|
    |tmp_15_2_2_0_2_fu_1096_p2  |     *    |      3|  0|  20|          32|          32|
    |tmp_15_2_2_1_2_fu_1104_p2  |     *    |      3|  0|  20|          32|          32|
    |tmp_15_2_2_1_fu_1100_p2    |     *    |      3|  0|  20|          32|          32|
    |tmp_15_2_2_fu_1047_p2      |     *    |      3|  0|  20|          32|          32|
    |grp_fu_660_p2              |     +    |      0|  0|  39|          32|          32|
    |grp_fu_666_p2              |     +    |      0|  0|  39|          32|          32|
    |grp_fu_672_p2              |     +    |      0|  0|  39|          32|          32|
    |sum_2_0_0_2_2_fu_818_p2    |     +    |      0|  0|  32|          32|          32|
    |sum_2_0_1_2_2_fu_828_p2    |     +    |      0|  0|  32|          32|          32|
    |sum_2_0_2_2_2_fu_878_p2    |     +    |      0|  0|  32|          32|          32|
    |sum_2_1_0_2_2_fu_937_p2    |     +    |      0|  0|  32|          32|          32|
    |sum_2_1_1_2_2_fu_1007_p2   |     +    |      0|  0|  32|          32|          32|
    |sum_2_1_2_2_2_fu_1018_p2   |     +    |      0|  0|  32|          32|          32|
    |sum_2_2_0_2_2_fu_1117_p2   |     +    |      0|  0|  32|          32|          32|
    |sum_2_2_1_2_2_fu_1128_p2   |     +    |      0|  0|  32|          32|          32|
    |sum_2_2_2_2_2_fu_1165_p2   |     +    |      0|  0|  32|          32|          32|
    |tmp10_fu_781_p2            |     +    |      0|  0|  32|          32|          32|
    |tmp11_fu_767_p2            |     +    |      0|  0|  32|          32|          32|
    |tmp12_fu_775_p2            |     +    |      0|  0|  32|          32|          32|
    |tmp13_fu_771_p2            |     +    |      0|  0|  32|          32|          32|
    |tmp14_fu_874_p2            |     +    |      0|  0|  32|          32|          32|
    |tmp16_fu_706_p2            |     +    |      0|  0|  39|          32|          32|
    |tmp17_fu_847_p2            |     +    |      0|  0|  32|          32|          32|
    |tmp18_fu_834_p2            |     +    |      0|  0|  32|          32|          32|
    |tmp19_fu_842_p2            |     +    |      0|  0|  32|          32|          32|
    |tmp20_fu_838_p2            |     +    |      0|  0|  32|          32|          32|
    |tmp21_fu_933_p2            |     +    |      0|  0|  32|          32|          32|
    |tmp23_fu_734_p2            |     +    |      0|  0|  39|          32|          32|
    |tmp24_fu_899_p2            |     +    |      0|  0|  32|          32|          32|
    |tmp25_fu_884_p2            |     +    |      0|  0|  32|          32|          32|
    |tmp26_fu_893_p2            |     +    |      0|  0|  32|          32|          32|
    |tmp27_fu_888_p2            |     +    |      0|  0|  32|          32|          32|
    |tmp28_fu_1003_p2           |     +    |      0|  0|  32|          32|          32|
    |tmp2_fu_691_p2             |     +    |      0|  0|  39|          32|          32|
    |tmp30_fu_739_p2            |     +    |      0|  0|  39|          32|          32|
    |tmp31_fu_956_p2            |     +    |      0|  0|  32|          32|          32|
    |tmp32_fu_943_p2            |     +    |      0|  0|  32|          32|          32|
    |tmp33_fu_951_p2            |     +    |      0|  0|  32|          32|          32|
    |tmp34_fu_947_p2            |     +    |      0|  0|  32|          32|          32|
    |tmp35_fu_1013_p2           |     +    |      0|  0|  32|          32|          32|
    |tmp37_fu_870_p2            |     +    |      0|  0|  39|          32|          32|
    |tmp38_fu_975_p2            |     +    |      0|  0|  32|          32|          32|
    |tmp39_fu_962_p2            |     +    |      0|  0|  32|          32|          32|
    |tmp3_fu_761_p2             |     +    |      0|  0|  32|          32|          32|
    |tmp40_fu_970_p2            |     +    |      0|  0|  32|          32|          32|
    |tmp41_fu_966_p2            |     +    |      0|  0|  32|          32|          32|
    |tmp42_fu_1112_p2           |     +    |      0|  0|  32|          32|          32|
    |tmp44_fu_985_p2            |     +    |      0|  0|  39|          32|          32|
    |tmp45_fu_1070_p2           |     +    |      0|  0|  32|          32|          32|
    |tmp46_fu_1056_p2           |     +    |      0|  0|  32|          32|          32|
    |tmp47_fu_1064_p2           |     +    |      0|  0|  32|          32|          32|
    |tmp48_fu_1060_p2           |     +    |      0|  0|  32|          32|          32|
    |tmp49_fu_1123_p2           |     +    |      0|  0|  32|          32|          32|
    |tmp4_fu_745_p2             |     +    |      0|  0|  32|          32|          32|
    |tmp51_fu_1043_p2           |     +    |      0|  0|  39|          32|          32|
    |tmp52_fu_1090_p2           |     +    |      0|  0|  32|          32|          32|
    |tmp53_fu_1076_p2           |     +    |      0|  0|  32|          32|          32|
    |tmp54_fu_1085_p2           |     +    |      0|  0|  32|          32|          32|
    |tmp55_fu_1080_p2           |     +    |      0|  0|  32|          32|          32|
    |tmp56_fu_1161_p2           |     +    |      0|  0|  32|          32|          32|
    |tmp57_fu_1108_p2           |     +    |      0|  0|  39|          32|          32|
    |tmp58_fu_1134_p2           |     +    |      0|  0|  39|          32|          32|
    |tmp59_fu_1155_p2           |     +    |      0|  0|  32|          32|          32|
    |tmp5_fu_756_p2             |     +    |      0|  0|  32|          32|          32|
    |tmp60_fu_1138_p2           |     +    |      0|  0|  32|          32|          32|
    |tmp61_fu_1149_p2           |     +    |      0|  0|  32|          32|          32|
    |tmp62_fu_1143_p2           |     +    |      0|  0|  32|          32|          32|
    |tmp6_fu_750_p2             |     +    |      0|  0|  32|          32|          32|
    |tmp7_fu_824_p2             |     +    |      0|  0|  32|          32|          32|
    |tmp9_fu_696_p2             |     +    |      0|  0|  39|          32|          32|
    |tmp_fu_813_p2              |     +    |      0|  0|  32|          32|          32|
    |ap_block_pp0_stage0_11001  |    and   |      0|  0|   2|           1|           1|
    |ap_enable_pp0              |    xor   |      0|  0|   2|           1|           2|
    +---------------------------+----------+-------+---+----+------------+------------+
    |Total                      |          |    165|  0|3339|        3906|        3907|
    +---------------------------+----------+-------+---+----+------------+------------+

    * Multiplexer: 
    +-------------------------+----+-----------+-----+-----------+
    |           Name          | LUT| Input Size| Bits| Total Bits|
    +-------------------------+----+-----------+-----+-----------+
    |ap_NS_fsm                |  59|         14|    1|         14|
    |ap_enable_reg_pp0_iter0  |   9|          2|    1|          2|
    |ap_enable_reg_pp0_iter1  |   9|          2|    1|          2|
    |input_r_address0         |  59|         14|    5|         70|
    |input_r_address1         |  56|         13|    5|         65|
    |kernel_address0          |  33|          6|    4|         24|
    |kernel_address1          |  27|          5|    4|         20|
    |output_r_address0        |  33|          6|    4|         24|
    |output_r_address1        |  27|          5|    4|         20|
    |output_r_d0              |  33|          6|   32|        192|
    |output_r_d1              |  27|          5|   32|        160|
    |reg_490                  |   9|          2|   32|         64|
    |reg_499                  |   9|          2|   32|         64|
    |reg_504                  |   9|          2|   32|         64|
    +-------------------------+----+-----------+-----+-----------+
    |Total                    | 399|         84|  189|        785|
    +-------------------------+----+-----------+-----+-----------+

    * Register: 
    +-----------------------------+----+----+-----+-----------+
    |             Name            | FF | LUT| Bits| Const Bits|
    +-----------------------------+----+----+-----+-----------+
    |ap_CS_fsm                    |  13|   0|   13|          0|
    |ap_enable_reg_pp0_iter0_reg  |   1|   0|    1|          0|
    |ap_enable_reg_pp0_iter1      |   1|   0|    1|          0|
    |input_load_13_reg_1462       |  32|   0|   32|          0|
    |input_load_14_reg_1497       |  32|   0|   32|          0|
    |input_load_17_reg_1569       |  32|   0|   32|          0|
    |input_load_19_reg_1619       |  32|   0|   32|          0|
    |input_load_21_reg_1680       |  32|   0|   32|          0|
    |kernel_load_1_reg_1218       |  32|   0|   32|          0|
    |kernel_load_2_reg_1246       |  32|   0|   32|          0|
    |kernel_load_3_reg_1256       |  32|   0|   32|          0|
    |kernel_load_4_reg_1291       |  32|   0|   32|          0|
    |kernel_load_5_reg_1301       |  32|   0|   32|          0|
    |kernel_load_6_reg_1333       |  32|   0|   32|          0|
    |kernel_load_7_reg_1344       |  32|   0|   32|          0|
    |kernel_load_8_reg_1385       |  32|   0|   32|          0|
    |kernel_load_reg_1211         |  32|   0|   32|          0|
    |reg_486                      |  32|   0|   32|          0|
    |reg_490                      |  32|   0|   32|          0|
    |reg_495                      |  32|   0|   32|          0|
    |reg_499                      |  32|   0|   32|          0|
    |reg_504                      |  32|   0|   32|          0|
    |reg_604                      |  32|   0|   32|          0|
    |reg_608                      |  32|   0|   32|          0|
    |reg_612                      |  32|   0|   32|          0|
    |reg_616                      |  32|   0|   32|          0|
    |reg_620                      |  32|   0|   32|          0|
    |reg_624                      |  32|   0|   32|          0|
    |reg_628                      |  32|   0|   32|          0|
    |reg_632                      |  32|   0|   32|          0|
    |reg_636                      |  32|   0|   32|          0|
    |reg_640                      |  32|   0|   32|          0|
    |reg_644                      |  32|   0|   32|          0|
    |reg_648                      |  32|   0|   32|          0|
    |reg_652                      |  32|   0|   32|          0|
    |reg_656                      |  32|   0|   32|          0|
    |reg_678                      |  32|   0|   32|          0|
    |reg_682                      |  32|   0|   32|          0|
    |tmp10_reg_1559               |  32|   0|   32|          0|
    |tmp15_reg_1365               |  32|   0|   32|          0|
    |tmp16_reg_1442               |  32|   0|   32|          0|
    |tmp17_reg_1614               |  32|   0|   32|          0|
    |tmp22_reg_1447               |  32|   0|   32|          0|
    |tmp23_reg_1529               |  32|   0|   32|          0|
    |tmp24_reg_1660               |  32|   0|   32|          0|
    |tmp29_reg_1482               |  32|   0|   32|          0|
    |tmp2_reg_1397                |  32|   0|   32|          0|
    |tmp30_reg_1539               |  32|   0|   32|          0|
    |tmp31_reg_1706               |  32|   0|   32|          0|
    |tmp37_reg_1645               |  32|   0|   32|          0|
    |tmp38_reg_1711               |  32|   0|   32|          0|
    |tmp3_reg_1554                |  32|   0|   32|          0|
    |tmp44_reg_1721               |  32|   0|   32|          0|
    |tmp45_reg_1776               |  32|   0|   32|          0|
    |tmp51_reg_1761               |  32|   0|   32|          0|
    |tmp52_reg_1781               |  32|   0|   32|          0|
    |tmp57_reg_1801               |  32|   0|   32|          0|
    |tmp58_reg_1806               |  32|   0|   32|          0|
    |tmp59_reg_1811               |  32|   0|   32|          0|
    |tmp8_reg_1355                |  32|   0|   32|          0|
    |tmp9_reg_1427                |  32|   0|   32|          0|
    |tmp_15_0_0_0_2_reg_1286      |  32|   0|   32|          0|
    |tmp_15_0_0_1_2_reg_1380      |  32|   0|   32|          0|
    |tmp_15_0_0_2_reg_1472        |  32|   0|   32|          0|
    |tmp_15_0_1_0_2_reg_1313      |  32|   0|   32|          0|
    |tmp_15_0_1_1_1_reg_1402      |  32|   0|   32|          0|
    |tmp_15_0_1_1_2_reg_1422      |  32|   0|   32|          0|
    |tmp_15_0_1_2_1_reg_1504      |  32|   0|   32|          0|
    |tmp_15_0_1_2_2_reg_1509      |  32|   0|   32|          0|
    |tmp_15_0_2_0_2_reg_1360      |  32|   0|   32|          0|
    |tmp_15_0_2_1_1_reg_1432      |  32|   0|   32|          0|
    |tmp_15_0_2_1_2_reg_1437      |  32|   0|   32|          0|
    |tmp_15_0_2_2_1_reg_1519      |  32|   0|   32|          0|
    |tmp_15_0_2_2_2_reg_1564      |  32|   0|   32|          0|
    |tmp_15_0_2_2_reg_1514        |  32|   0|   32|          0|
    |tmp_15_1_0_0_2_reg_1407      |  32|   0|   32|          0|
    |tmp_15_1_0_1_1_reg_1477      |  32|   0|   32|          0|
    |tmp_15_1_0_1_2_reg_1524      |  32|   0|   32|          0|
    |tmp_15_1_0_2_2_reg_1625      |  32|   0|   32|          0|
    |tmp_15_1_1_1_1_reg_1534      |  32|   0|   32|          0|
    |tmp_15_1_1_1_2_reg_1579      |  32|   0|   32|          0|
    |tmp_15_1_1_2_1_reg_1635      |  32|   0|   32|          0|
    |tmp_15_1_1_2_2_reg_1665      |  32|   0|   32|          0|
    |tmp_15_1_1_2_reg_1630        |  32|   0|   32|          0|
    |tmp_15_1_2_0_2_reg_1584      |  32|   0|   32|          0|
    |tmp_15_1_2_1_1_reg_1594      |  32|   0|   32|          0|
    |tmp_15_1_2_1_2_reg_1599      |  32|   0|   32|          0|
    |tmp_15_1_2_1_reg_1589        |  32|   0|   32|          0|
    |tmp_15_1_2_2_1_reg_1670      |  32|   0|   32|          0|
    |tmp_15_1_2_2_2_reg_1675      |  32|   0|   32|          0|
    |tmp_15_1_2_2_reg_1640        |  32|   0|   32|          0|
    |tmp_15_2_0_1_1_reg_1691      |  32|   0|   32|          0|
    |tmp_15_2_0_1_2_reg_1696      |  32|   0|   32|          0|
    |tmp_15_2_0_1_reg_1686        |  32|   0|   32|          0|
    |tmp_15_2_0_2_1_reg_1716      |  32|   0|   32|          0|
    |tmp_15_2_0_2_2_reg_1741      |  32|   0|   32|          0|
    |tmp_15_2_1_0_2_reg_1726      |  32|   0|   32|          0|
    |tmp_15_2_1_1_1_reg_1736      |  32|   0|   32|          0|
    |tmp_15_2_1_1_2_reg_1746      |  32|   0|   32|          0|
    |tmp_15_2_1_1_reg_1731        |  32|   0|   32|          0|
    |tmp_15_2_1_2_2_reg_1756      |  32|   0|   32|          0|
    |tmp_15_2_1_2_reg_1751        |  32|   0|   32|          0|
    |tmp_15_2_2_0_1_reg_1771      |  32|   0|   32|          0|
    |tmp_15_2_2_0_2_reg_1786      |  32|   0|   32|          0|
    |tmp_15_2_2_1_2_reg_1796      |  32|   0|   32|          0|
    |tmp_15_2_2_1_reg_1791        |  32|   0|   32|          0|
    |tmp_15_2_2_reg_1766          |  32|   0|   32|          0|
    +-----------------------------+----+----+-----+-----------+
    |Total                        |3343|   0| 3343|          0|
    +-----------------------------+----+----+-----+-----------+



================================================================
== Interface
================================================================
* Summary: 
+-------------------+-----+-----+------------+--------------+--------------+
|     RTL Ports     | Dir | Bits|  Protocol  | Source Object|    C Type    |
+-------------------+-----+-----+------------+--------------+--------------+
|ap_clk             |  in |    1| ap_ctrl_hs |    conv2d    | return value |
|ap_rst             |  in |    1| ap_ctrl_hs |    conv2d    | return value |
|ap_start           |  in |    1| ap_ctrl_hs |    conv2d    | return value |
|ap_done            | out |    1| ap_ctrl_hs |    conv2d    | return value |
|ap_idle            | out |    1| ap_ctrl_hs |    conv2d    | return value |
|ap_ready           | out |    1| ap_ctrl_hs |    conv2d    | return value |
|input_r_address0   | out |    5|  ap_memory |    input_r   |     array    |
|input_r_ce0        | out |    1|  ap_memory |    input_r   |     array    |
|input_r_q0         |  in |   32|  ap_memory |    input_r   |     array    |
|input_r_address1   | out |    5|  ap_memory |    input_r   |     array    |
|input_r_ce1        | out |    1|  ap_memory |    input_r   |     array    |
|input_r_q1         |  in |   32|  ap_memory |    input_r   |     array    |
|kernel_address0    | out |    4|  ap_memory |    kernel    |     array    |
|kernel_ce0         | out |    1|  ap_memory |    kernel    |     array    |
|kernel_q0          |  in |   32|  ap_memory |    kernel    |     array    |
|kernel_address1    | out |    4|  ap_memory |    kernel    |     array    |
|kernel_ce1         | out |    1|  ap_memory |    kernel    |     array    |
|kernel_q1          |  in |   32|  ap_memory |    kernel    |     array    |
|output_r_address0  | out |    4|  ap_memory |   output_r   |     array    |
|output_r_ce0       | out |    1|  ap_memory |   output_r   |     array    |
|output_r_we0       | out |    1|  ap_memory |   output_r   |     array    |
|output_r_d0        | out |   32|  ap_memory |   output_r   |     array    |
|output_r_address1  | out |    4|  ap_memory |   output_r   |     array    |
|output_r_ce1       | out |    1|  ap_memory |   output_r   |     array    |
|output_r_we1       | out |    1|  ap_memory |   output_r   |     array    |
|output_r_d1        | out |   32|  ap_memory |   output_r   |     array    |
+-------------------+-----+-----+------------+--------------+--------------+

