Vivado Simulator 2018.3
Copyright 1986-1999, 2001-2018 Xilinx, Inc. All Rights Reserved.
Running: D:/VivadoHLS/Vivado/2018.3/bin/unwrapped/win64.o/xelab.exe -wto 14cccc41d36a4c22aa91a33d49984e91 --incr --debug typical --relax --mt 2 -L xil_defaultlib -L secureip -L xpm --snapshot conv2d_behav xil_defaultlib.conv2d -log elaborate.log 
Using 2 slave threads.
Starting static elaboration
WARNING: [VRFC 10-3009] 'conv2d_cv_io_s_axi' remains a black-box since it has no binding entity [D:/CodesNStuffs/Hardware_Des_Lab/project_base/project_handin/project_handin.srcs/sources_1/imports/vhdl/conv2d.vhd:430]
WARNING: [VRFC 10-3009] 'conv2d_line_buffebkb' remains a black-box since it has no binding entity [D:/CodesNStuffs/Hardware_Des_Lab/project_base/project_handin/project_handin.srcs/sources_1/imports/vhdl/conv2d.vhd:471]
WARNING: [VRFC 10-3009] 'conv2d_line_buffebkb' remains a black-box since it has no binding entity [D:/CodesNStuffs/Hardware_Des_Lab/project_base/project_handin/project_handin.srcs/sources_1/imports/vhdl/conv2d.vhd:485]
WARNING: [VRFC 10-3009] 'conv2d_line_buffebkb' remains a black-box since it has no binding entity [D:/CodesNStuffs/Hardware_Des_Lab/project_base/project_handin/project_handin.srcs/sources_1/imports/vhdl/conv2d.vhd:499]
WARNING: [VRFC 10-3009] 'conv2d_mux_32_32_eog' remains a black-box since it has no binding entity [D:/CodesNStuffs/Hardware_Des_Lab/project_base/project_handin/project_handin.srcs/sources_1/imports/vhdl/conv2d.vhd:513]
WARNING: [VRFC 10-3009] 'conv2d_mux_32_32_eog' remains a black-box since it has no binding entity [D:/CodesNStuffs/Hardware_Des_Lab/project_base/project_handin/project_handin.srcs/sources_1/imports/vhdl/conv2d.vhd:529]
WARNING: [VRFC 10-3009] 'conv2d_mux_32_32_eog' remains a black-box since it has no binding entity [D:/CodesNStuffs/Hardware_Des_Lab/project_base/project_handin/project_handin.srcs/sources_1/imports/vhdl/conv2d.vhd:545]
Completed static elaboration
Starting simulation data flow analysis
Completed simulation data flow analysis
Time Resolution for simulation is 1ps
Compiling package std.standard
Compiling package std.textio
Compiling package ieee.std_logic_1164
Compiling package ieee.numeric_std
Compiling architecture behav of entity xil_defaultlib.conv2d
Built simulation snapshot conv2d_behav
