Performing 2D convolution without padding...
Input Image:
   1    2    3    4    5 
   6    7    8    9   10 
  11   12   13   14   15 
  16   17   18   19   20 
  21   22   23   24   25 

Kernel:
   1    0    1 
   0    1    0 
   1    0    1 

Calculated Output Image without Padding:
  35   40   45 
  60   65   70 
  85   90   95 

Verifying the calculated result...
All results are correct!

D:\CodesNStuffs\Hardware_Des_Lab\project_base\cv2d\solution2\sim\vhdl>set PATH= 

D:\CodesNStuffs\Hardware_Des_Lab\project_base\cv2d\solution2\sim\vhdl>call D:/VivadoHLS/Vivado/2018.3/bin/xelab xil_defaultlib.apatb_conv2d_top glbl -prj conv2d.prj -L smartconnect_v1_0 -L axi_protocol_checker_v1_1_12 -L axi_protocol_checker_v1_1_13 -L axis_protocol_checker_v1_1_11 -L axis_protocol_checker_v1_1_12 -L xil_defaultlib -L unisims -L xpm --initfile "D:/VivadoHLS/Vivado/2018.3/data/xsim/ip/xsim_ip.ini" --lib "ieee_proposed=./ieee_proposed" -s conv2d -debug wave 
INFO: [XSIM 43-3496] Using init file passed via -initfile option "D:/VivadoHLS/Vivado/2018.3/data/xsim/ip/xsim_ip.ini".
Vivado Simulator 2018.3
Copyright 1986-1999, 2001-2018 Xilinx, Inc. All Rights Reserved.
Running: D:/VivadoHLS/Vivado/2018.3/bin/unwrapped/win64.o/xelab.exe xil_defaultlib.apatb_conv2d_top glbl -prj conv2d.prj -L smartconnect_v1_0 -L axi_protocol_checker_v1_1_12 -L axi_protocol_checker_v1_1_13 -L axis_protocol_checker_v1_1_11 -L axis_protocol_checker_v1_1_12 -L xil_defaultlib -L unisims -L xpm --initfile D:/VivadoHLS/Vivado/2018.3/data/xsim/ip/xsim_ip.ini --lib ieee_proposed=./ieee_proposed -s conv2d -debug wave 
Multi-threading is on. Using 10 slave threads.
Determining compilation order of HDL files.
INFO: [VRFC 10-2263] Analyzing SystemVerilog file "D:/CodesNStuffs/Hardware_Des_Lab/project_base/cv2d/solution2/sim/vhdl/glbl.v" into library work
INFO: [VRFC 10-311] analyzing module glbl
INFO: [VRFC 10-163] Analyzing VHDL file "D:/CodesNStuffs/Hardware_Des_Lab/project_base/cv2d/solution2/sim/vhdl/AESL_sim_pkg.vhd" into library xil_defaultlib
INFO: [VRFC 10-163] Analyzing VHDL file "D:/CodesNStuffs/Hardware_Des_Lab/project_base/cv2d/solution2/sim/vhdl/AESL_automem_input_r.vhd" into library xil_defaultlib
INFO: [VRFC 10-3107] analyzing entity 'AESL_automem_input_r'
INFO: [VRFC 10-163] Analyzing VHDL file "D:/CodesNStuffs/Hardware_Des_Lab/project_base/cv2d/solution2/sim/vhdl/AESL_automem_kernel.vhd" into library xil_defaultlib
INFO: [VRFC 10-3107] analyzing entity 'AESL_automem_kernel'
INFO: [VRFC 10-163] Analyzing VHDL file "D:/CodesNStuffs/Hardware_Des_Lab/project_base/cv2d/solution2/sim/vhdl/AESL_automem_output_r.vhd" into library xil_defaultlib
INFO: [VRFC 10-3107] analyzing entity 'AESL_automem_output_r'
INFO: [VRFC 10-163] Analyzing VHDL file "D:/CodesNStuffs/Hardware_Des_Lab/project_base/cv2d/solution2/sim/vhdl/conv2d.autotb.vhd" into library xil_defaultlib
INFO: [VRFC 10-3107] analyzing entity 'apatb_conv2d_top'
INFO: [VRFC 10-163] Analyzing VHDL file "D:/CodesNStuffs/Hardware_Des_Lab/project_base/cv2d/solution2/sim/vhdl/conv2d.vhd" into library xil_defaultlib
INFO: [VRFC 10-3107] analyzing entity 'conv2d'
Starting static elaboration
Completed static elaboration
Starting simulation data flow analysis
Completed simulation data flow analysis
Time Resolution for simulation is 1ps
Compiling package std.standard
Compiling package std.textio
Compiling package ieee.std_logic_1164
Compiling package ieee.std_logic_arith
Compiling package ieee.std_logic_unsigned
Compiling package ieee.numeric_std
Compiling package ieee.std_logic_textio
Compiling module work.glbl
Compiling architecture behav of entity xil_defaultlib.conv2d [conv2d_default]
Compiling architecture behav of entity xil_defaultlib.AESL_automem_input_r [aesl_automem_input_r_default]
Compiling architecture behav of entity xil_defaultlib.AESL_automem_kernel [aesl_automem_kernel_default]
Compiling architecture behav of entity xil_defaultlib.AESL_automem_output_r [aesl_automem_output_r_default]
Compiling architecture behav of entity xil_defaultlib.apatb_conv2d_top
Built simulation snapshot conv2d

****** Webtalk v2018.3 (64-bit)
  **** SW Build 2405991 on Thu Dec  6 23:38:27 MST 2018
  **** IP Build 2404404 on Fri Dec  7 01:43:56 MST 2018
    ** Copyright 1986-2018 Xilinx, Inc. All Rights Reserved.

source D:/CodesNStuffs/Hardware_Des_Lab/project_base/cv2d/solution2/sim/vhdl/xsim.dir/conv2d/webtalk/xsim_webtalk.tcl -notrace
INFO: [Common 17-206] Exiting Webtalk at Thu Dec 19 00:59:08 2024...

****** xsim v2018.3 (64-bit)
  **** SW Build 2405991 on Thu Dec  6 23:38:27 MST 2018
  **** IP Build 2404404 on Fri Dec  7 01:43:56 MST 2018
    ** Copyright 1986-2018 Xilinx, Inc. All Rights Reserved.

source xsim.dir/conv2d/xsim_script.tcl
# xsim {conv2d} -autoloadwcfg -tclbatch {conv2d.tcl}
Vivado Simulator 2018.3
Time resolution is 1 ps
source conv2d.tcl
## log_wave -r /
WARNING: [Simtcl 6-197] One or more HDL objects could not be logged because of object type or size limitations.  To see details please rerun the command with -verbose (-v).
## set designtopgroup [add_wave_group "Design Top Signals"]
## set coutputgroup [add_wave_group "C Outputs" -into $designtopgroup]
## set output_group [add_wave_group output(memory) -into $coutputgroup]
## add_wave /apatb_conv2d_top/AESL_inst_conv2d/output_r_d1 -into $output_group -radix hex
## add_wave /apatb_conv2d_top/AESL_inst_conv2d/output_r_we1 -into $output_group -color #ffff00 -radix hex
## add_wave /apatb_conv2d_top/AESL_inst_conv2d/output_r_ce1 -into $output_group -color #ffff00 -radix hex
## add_wave /apatb_conv2d_top/AESL_inst_conv2d/output_r_address1 -into $output_group -radix hex
## add_wave /apatb_conv2d_top/AESL_inst_conv2d/output_r_d0 -into $output_group -radix hex
## add_wave /apatb_conv2d_top/AESL_inst_conv2d/output_r_we0 -into $output_group -color #ffff00 -radix hex
## add_wave /apatb_conv2d_top/AESL_inst_conv2d/output_r_ce0 -into $output_group -color #ffff00 -radix hex
## add_wave /apatb_conv2d_top/AESL_inst_conv2d/output_r_address0 -into $output_group -radix hex
## set cinputgroup [add_wave_group "C Inputs" -into $designtopgroup]
## set kernel_group [add_wave_group kernel(memory) -into $cinputgroup]
## add_wave /apatb_conv2d_top/AESL_inst_conv2d/kernel_q1 -into $kernel_group -radix hex
## add_wave /apatb_conv2d_top/AESL_inst_conv2d/kernel_ce1 -into $kernel_group -color #ffff00 -radix hex
## add_wave /apatb_conv2d_top/AESL_inst_conv2d/kernel_address1 -into $kernel_group -radix hex
## add_wave /apatb_conv2d_top/AESL_inst_conv2d/kernel_q0 -into $kernel_group -radix hex
## add_wave /apatb_conv2d_top/AESL_inst_conv2d/kernel_ce0 -into $kernel_group -color #ffff00 -radix hex
## add_wave /apatb_conv2d_top/AESL_inst_conv2d/kernel_address0 -into $kernel_group -radix hex
## set input_group [add_wave_group input(memory) -into $cinputgroup]
## add_wave /apatb_conv2d_top/AESL_inst_conv2d/input_r_q1 -into $input_group -radix hex
## add_wave /apatb_conv2d_top/AESL_inst_conv2d/input_r_ce1 -into $input_group -color #ffff00 -radix hex
## add_wave /apatb_conv2d_top/AESL_inst_conv2d/input_r_address1 -into $input_group -radix hex
## add_wave /apatb_conv2d_top/AESL_inst_conv2d/input_r_q0 -into $input_group -radix hex
## add_wave /apatb_conv2d_top/AESL_inst_conv2d/input_r_ce0 -into $input_group -color #ffff00 -radix hex
## add_wave /apatb_conv2d_top/AESL_inst_conv2d/input_r_address0 -into $input_group -radix hex
## set blocksiggroup [add_wave_group "Block-level IO Handshake" -into $designtopgroup]
## add_wave /apatb_conv2d_top/AESL_inst_conv2d/ap_start -into $blocksiggroup
## add_wave /apatb_conv2d_top/AESL_inst_conv2d/ap_done -into $blocksiggroup
## add_wave /apatb_conv2d_top/AESL_inst_conv2d/ap_idle -into $blocksiggroup
## add_wave /apatb_conv2d_top/AESL_inst_conv2d/ap_ready -into $blocksiggroup
## set resetgroup [add_wave_group "Reset" -into $designtopgroup]
## add_wave /apatb_conv2d_top/AESL_inst_conv2d/ap_rst -into $resetgroup
## set clockgroup [add_wave_group "Clock" -into $designtopgroup]
## add_wave /apatb_conv2d_top/AESL_inst_conv2d/ap_clk -into $clockgroup
## set testbenchgroup [add_wave_group "Test Bench Signals"]
## set tbinternalsiggroup [add_wave_group "Internal Signals" -into $testbenchgroup]
## set tb_simstatus_group [add_wave_group "Simulation Status" -into $tbinternalsiggroup]
## set tb_portdepth_group [add_wave_group "Port Depth" -into $tbinternalsiggroup]
## add_wave /apatb_conv2d_top/AUTOTB_TRANSACTION_NUM -into $tb_simstatus_group -radix hex
## add_wave /apatb_conv2d_top/ready_cnt -into $tb_simstatus_group -radix hex
## add_wave /apatb_conv2d_top/done_cnt -into $tb_simstatus_group -radix hex
## add_wave /apatb_conv2d_top/LENGTH_input_r -into $tb_portdepth_group -radix hex
## add_wave /apatb_conv2d_top/LENGTH_kernel -into $tb_portdepth_group -radix hex
## add_wave /apatb_conv2d_top/LENGTH_output_r -into $tb_portdepth_group -radix hex
## set tbcoutputgroup [add_wave_group "C Outputs" -into $testbenchgroup]
## set tb_output_group [add_wave_group output(memory) -into $tbcoutputgroup]
## add_wave /apatb_conv2d_top/output_r_d1 -into $tb_output_group -radix hex
## add_wave /apatb_conv2d_top/output_r_we1 -into $tb_output_group -color #ffff00 -radix hex
## add_wave /apatb_conv2d_top/output_r_ce1 -into $tb_output_group -color #ffff00 -radix hex
## add_wave /apatb_conv2d_top/output_r_address1 -into $tb_output_group -radix hex
## add_wave /apatb_conv2d_top/output_r_d0 -into $tb_output_group -radix hex
## add_wave /apatb_conv2d_top/output_r_we0 -into $tb_output_group -color #ffff00 -radix hex
## add_wave /apatb_conv2d_top/output_r_ce0 -into $tb_output_group -color #ffff00 -radix hex
## add_wave /apatb_conv2d_top/output_r_address0 -into $tb_output_group -radix hex
## set tbcinputgroup [add_wave_group "C Inputs" -into $testbenchgroup]
## set tb_kernel_group [add_wave_group kernel(memory) -into $tbcinputgroup]
## add_wave /apatb_conv2d_top/kernel_q1 -into $tb_kernel_group -radix hex
## add_wave /apatb_conv2d_top/kernel_ce1 -into $tb_kernel_group -color #ffff00 -radix hex
## add_wave /apatb_conv2d_top/kernel_address1 -into $tb_kernel_group -radix hex
## add_wave /apatb_conv2d_top/kernel_q0 -into $tb_kernel_group -radix hex
## add_wave /apatb_conv2d_top/kernel_ce0 -into $tb_kernel_group -color #ffff00 -radix hex
## add_wave /apatb_conv2d_top/kernel_address0 -into $tb_kernel_group -radix hex
## set tb_input_group [add_wave_group input(memory) -into $tbcinputgroup]
## add_wave /apatb_conv2d_top/input_r_q1 -into $tb_input_group -radix hex
## add_wave /apatb_conv2d_top/input_r_ce1 -into $tb_input_group -color #ffff00 -radix hex
## add_wave /apatb_conv2d_top/input_r_address1 -into $tb_input_group -radix hex
## add_wave /apatb_conv2d_top/input_r_q0 -into $tb_input_group -radix hex
## add_wave /apatb_conv2d_top/input_r_ce0 -into $tb_input_group -color #ffff00 -radix hex
## add_wave /apatb_conv2d_top/input_r_address0 -into $tb_input_group -radix hex
## save_wave_config conv2d.wcfg
## run all
Note: simulation done!
Time: 345 ns  Iteration: 1  Process: /apatb_conv2d_top/generate_sim_done_proc  File: D:/CodesNStuffs/Hardware_Des_Lab/project_base/cv2d/solution2/sim/vhdl/conv2d.autotb.vhd
Failure: NORMAL EXIT (note: failure is to force the simulator to stop)
Time: 345 ns  Iteration: 1  Process: /apatb_conv2d_top/generate_sim_done_proc  File: D:/CodesNStuffs/Hardware_Des_Lab/project_base/cv2d/solution2/sim/vhdl/conv2d.autotb.vhd
$finish called at time : 345 ns
## quit
INFO: [Common 17-206] Exiting xsim at Thu Dec 19 00:59:14 2024...
Performing 2D convolution without padding...
Input Image:
   1    2    3    4    5 
   6    7    8    9   10 
  11   12   13   14   15 
  16   17   18   19   20 
  21   22   23   24   25 

Kernel:
   1    0    1 
   0    1    0 
   1    0    1 

Calculated Output Image without Padding:
  35   40   45 
  60   65   70 
  85   90   95 

Verifying the calculated result...
All results are correct!
